[stderr] INFO:     Started server process [55328]
[stderr] INFO:     Waiting for application startup.
[stderr] INFO:     Application startup complete.
[stderr] INFO:     Uvicorn running on http://127.0.0.1:8765 (Press CTRL+C to quit)
INFO:     127.0.0.1:61329 - "GET /health HTTP/1.1" 200 OK
[stderr] INFO:     ('127.0.0.1', 61330) - "WebSocket /ws" [accepted]
[stderr] 2026-07-12 23:07:08 INFO     [codeboarding_pro.ws.server:258] WebSocket connected: session 55a9c6bb-7ca8-43d3-8d45-21cd716dccf9
[stderr] INFO:     connection open
[stderr] 2026-07-12 23:07:09 INFO     [tool_registry.manifest:320] has_required_tools: csharp missing or stale at C:\Users\lamoy\.codeboarding\servers\bin\win\pm-tools\csharp-ls\csharp-ls.exe
[stderr] 2026-07-12 23:07:09 INFO     [tool_registry.manifest:320] has_required_tools: csharp missing or stale at C:\Users\lamoy\.codeboarding\servers\bin\win\pm-tools\csharp-ls\csharp-ls.exe
[stderr] 2026-07-12 23:07:10 INFO     [tool_registry.installers:451] Installing Node.js packages: ['pyright@1.1.400', 'typescript-language-server@4.3.4', 'typescript@5.7', 'intelephense@1.16.5']
[stderr] 2026-07-12 23:07:13 INFO     [tool_registry.installers:465] Node.js packages installed successfully
[stderr] 2026-07-12 23:07:13 INFO     [tool_registry.installers:225]   tokei: already installed, skipping
[stderr] 2026-07-12 23:07:13 INFO     [tool_registry.installers:225]   gopls: already installed, skipping
[stderr] 2026-07-12 23:07:13 INFO     [tool_registry.installers:225]   rust-analyzer: already installed, skipping
[stderr] 2026-07-12 23:07:28 INFO     [tool_registry.installers:489] java already installed
[stderr] 2026-07-12 23:07:28 WARNING  [tool_registry.installers:397]   csharp-ls: dotnet install failed (exit 2147516571): The command could not be loaded, possibly because:
[stderr]   * You intended to execute a .NET application:
[stderr]       The application 'tool' does not exist or is not a managed .dll or .exe.
[stderr]   * You intended to execute a .NET SDK command:
[stderr]       No .NET SDKs were found.
[stderr] 
[stderr] Download a .NET SDK:
[stderr] https://aka.ms/dotnet/download
[stderr] 
[stderr] Learn about SDK resolution:
[stderr] https://aka.ms/dotnet/sdk-not-found
[stderr] 
[stderr] 2026-07-12 23:07:28 INFO     [codeboarding_pro.lsp.bootstrap:56] LSP startup attempt 1/3
[stderr] 2026-07-12 23:07:28 INFO     [codeboarding_pro.session:187] Session 55a9c6bb-7ca8-43d3-8d45-21cd716dccf9 initialized: repo=C:\Users\lamoy\Desktop\proyectos_coding\Orbita-Sitio-web, project=Orbita-Sitio-web, output=C:\Users\lamoy\Desktop\proyectos_coding\Orbita-Sitio-web\.codeboarding
[stderr] 2026-07-12 23:07:32 INFO     [static_analyzer.typescript_config_scanner:82] Found 1 TypeScript project(s) in repository (31 total files across all projects)
[stderr] 2026-07-12 23:07:32 INFO     [static_analyzer:104] Creating engine config for TypeScript at repo root (31 files across 1 tsconfig project(s): .)
[stderr] 2026-07-12 23:07:32 INFO     [static_analyzer:227] Starting engine LSP client for TypeScript at C:\Users\lamoy\Desktop\proyectos_coding\Orbita-Sitio-web
[stderr] 2026-07-12 23:07:32 INFO     [static_analyzer:252] TypeScript LSP start: 0.5s
[stderr] 2026-07-12 23:07:32 INFO     [static_analyzer:227] Starting engine LSP client for TypeScript at C:\Users\lamoy\Desktop\proyectos_coding\Orbita-Sitio-web
[stderr] 2026-07-12 23:07:33 INFO     [static_analyzer:252] TypeScript LSP start: 0.6s
[stderr] 2026-07-12 23:07:33 INFO     [codeboarding_pro.file_monitor:106] FileMonitor started for C:\Users\lamoy\Desktop\proyectos_coding\Orbita-Sitio-web
[stderr] 2026-07-12 23:07:33 INFO     [codeboarding_pro.session:205] Session 55a9c6bb-7ca8-43d3-8d45-21cd716dccf9: FileMonitor activated
[stderr] 2026-07-12 23:07:33 INFO     [codeboarding_pro.head_watcher:48] HeadWatcher started on C:\Users\lamoy\Desktop\proyectos_coding\Orbita-Sitio-web\.git\HEAD
[stderr] 2026-07-12 23:07:33 INFO     [codeboarding_pro.session:250] Session 55a9c6bb-7ca8-43d3-8d45-21cd716dccf9: LSP wiring complete
[stderr] 2026-07-12 23:07:33 INFO     [codeboarding_pro.lsp.bootstrap:67] LSP clients started successfully (attempt 1)
[stderr] 2026-07-12 23:13:39 INFO     [watchfiles.main:308] 1 change detected
[stderr] 2026-07-12 23:13:39 WARNING  [codeboarding_pro.analysis_controller:506] Skipping incremental update: full analysis artifacts not ready yet
[stderr] 2026-07-12 23:13:39 INFO     [codeboarding_pro.analysis_controller:314] No cached analysis results; skipping health report
[stderr] 2026-07-12 23:14:24 INFO     [watchfiles.main:308] 1 change detected
[stderr] 2026-07-12 23:14:25 WARNING  [codeboarding_pro.analysis_controller:506] Skipping incremental update: full analysis artifacts not ready yet
[stderr] 2026-07-12 23:14:25 INFO     [codeboarding_pro.analysis_controller:314] No cached analysis results; skipping health report
[stderr] 2026-07-12 23:18:37 INFO     [watchfiles.main:308] 1 change detected
[stderr] 2026-07-12 23:18:37 WARNING  [codeboarding_pro.analysis_controller:506] Skipping incremental update: full analysis artifacts not ready yet
[stderr] 2026-07-12 23:18:37 INFO     [codeboarding_pro.analysis_controller:314] No cached analysis results; skipping health report
[stderr] 2026-07-12 23:18:56 INFO     [watchfiles.main:308] 1 change detected
[stderr] 2026-07-12 23:18:56 WARNING  [codeboarding_pro.analysis_controller:506] Skipping incremental update: full analysis artifacts not ready yet
[stderr] 2026-07-12 23:18:56 INFO     [codeboarding_pro.analysis_controller:314] No cached analysis results; skipping health report
